<?xml version="1.0" encoding="UTF-8"?>
<!-- Generated by org.testng.reporters.JUnitReportReporter -->
<testsuite hostname="Mukesh-PC" name="com.etiam.testcase.Hover" tests="1" failures="0" timestamp="22 May 2015 09:20:47 GMT" time="0.415" errors="0">
  <testcase name="testHover" time="0.415" classname="com.etiam.testcase.Hover"/>
</testsuite> <!-- com.etiam.testcase.Hover -->
