<?xml version="1.0" encoding="UTF-8"?>
<!-- Generated by org.testng.reporters.JUnitReportReporter -->
<testsuite hostname="Mukesh-PC" name="com.etiam.testcase.Header_hstrip" tests="4" failures="0" timestamp="22 May 2015 09:20:47 GMT" time="3.856" errors="0">
  <testcase name="test_ExitCourseButton" time="1.916" classname="com.etiam.testcase.Header_hstrip"/>
  <testcase name="test_HelpLink" time="0.613" classname="com.etiam.testcase.Header_hstrip"/>
  <testcase name="test_DownloadPDF" time="0.713" classname="com.etiam.testcase.Header_hstrip"/>
  <testcase name="test_GlossaryLink" time="0.614" classname="com.etiam.testcase.Header_hstrip"/>
</testsuite> <!-- com.etiam.testcase.Header_hstrip -->
