<?xml version="1.0" encoding="UTF-8"?>
<!-- Generated by org.testng.reporters.JUnitReportReporter -->
<testsuite hostname="Mukesh-PC" name="com.etiam.testcase.Footer" tests="3" failures="0" timestamp="22 May 2015 09:20:47 GMT" time="5.510" errors="0">
  <testcase name="test_NextPageButton" time="2.501" classname="com.etiam.testcase.Footer"/>
  <testcase name="test_RefreshPageButton" time="0.393" classname="com.etiam.testcase.Footer"/>
  <testcase name="test_PreviousPageButton" time="2.616" classname="com.etiam.testcase.Footer"/>
</testsuite> <!-- com.etiam.testcase.Footer -->
