<?xml version="1.0" encoding="UTF-8"?>
<!-- Generated by org.testng.reporters.JUnitReportReporter -->
<testsuite hostname="Mukesh-PC" name="com.etiam.testcase.CSSValidation" tests="1" failures="0" timestamp="22 May 2015 09:20:47 GMT" time="1.397" errors="0">
  <testcase name="test_checkUncheckLeftPanel" time="1.397" classname="com.etiam.testcase.CSSValidation"/>
</testsuite> <!-- com.etiam.testcase.CSSValidation -->
