<?xml version="1.0" encoding="UTF-8"?>
<!-- Generated by org.testng.reporters.JUnitReportReporter -->
<testsuite hostname="Mukesh-PC" name="com.etiam.testcase.Header_title" tests="2" failures="0" timestamp="15 Jun 2015 06:57:05 GMT" time="1.656" errors="0">
  <testcase name="test_Logo" time="0.594" classname="com.etiam.testcase.Header_title"/>
  <testcase name="test_Title" time="1.062" classname="com.etiam.testcase.Header_title"/>
</testsuite> <!-- com.etiam.testcase.Header_title -->
